<?xml version="1.0" encoding="UTF-8"?>
<testng-results ignored="0" total="1" passed="1" failed="0" skipped="0">
  <reporter-output>
  </reporter-output>
  <suite started-at="2025-04-26T22:47:55 IST" name="Default suite" finished-at="2025-04-26T22:48:03 IST" duration-ms="8692">
    <groups>
    </groups>
    <test started-at="2025-04-26T22:47:55 IST" name="Default test" finished-at="2025-04-26T22:48:03 IST" duration-ms="8692">
      <class name="UploadDownloadExcelFiles.UploadDownload">
        <test-method signature="uploadOrDownloadFile()[pri:0, instance:UploadDownloadExcelFiles.UploadDownload@36fc695d]" started-at="2025-04-26T22:47:55 IST" name="uploadOrDownloadFile" finished-at="2025-04-26T22:48:03 IST" duration-ms="8647" status="PASS">
          <reporter-output>
          </reporter-output>
        </test-method> <!-- uploadOrDownloadFile -->
      </class> <!-- UploadDownloadExcelFiles.UploadDownload -->
    </test> <!-- Default test -->
  </suite> <!-- Default suite -->
</testng-results>
